<?xml version="1.0" encoding="UTF-8" ?>
<testsuites>
  <testsuite errors="0" failures="0" hostname="Pashas-Mac.local" id="0" name="NoRootsTest" package="roots_package" skipped="0" tests="3" time="0.175" timestamp="2016-02-22T07:49:47">
      <properties>
[...]
</properties>

      <testcase classname="roots_package.NoRootsTest" name="testNumRoots" time="0.122" />

      <testcase classname="roots_package.NoRootsTest" name="testSecondRoot" time="0.0" />

      <testcase classname="roots_package.NoRootsTest" name="testFirstRoot" time="0.0" />

      <system-out><![CDATA[02:49:48,050 |-INFO in ch.qos.logback.classic.LoggerContext[default] - Could NOT find resource [logback.groovy]
02:49:48,050 |-INFO in ch.qos.logback.classic.LoggerContext[default] - Could NOT find resource [logback-test.xml]
02:49:48,050 |-INFO in ch.qos.logback.classic.LoggerContext[default] - Found resource [logback.xml] at [jar:file:/Users/Pasha/cobertura-2.1.1/cobertura-2.1.1-sources.jar!/logback.xml]
02:49:48,051 |-WARN in ch.qos.logback.classic.LoggerContext[default] - Resource [logback.xml] occurs multiple times on the classpath.
02:49:48,051 |-WARN in ch.qos.logback.classic.LoggerContext[default] - Resource [logback.xml] occurs at [jar:file:/Users/Pasha/cobertura-2.1.1/cobertura-2.1.1-sources.jar!/logback.xml]
02:49:48,051 |-WARN in ch.qos.logback.classic.LoggerContext[default] - Resource [logback.xml] occurs at [jar:file:/Users/Pasha/cobertura-2.1.1/cobertura-2.1.1.jar!/logback.xml]
02:49:48,063 |-INFO in ch.qos.logback.core.joran.spi.ConfigurationWatchList@6ea12c19 - URL [jar:file:/Users/Pasha/cobertura-2.1.1/cobertura-2.1.1-sources.jar!/logback.xml] is not of type file
02:49:48,092 |-INFO in ch.qos.logback.classic.joran.action.ConfigurationAction - debug attribute not set
02:49:48,094 |-INFO in ch.qos.logback.core.joran.action.AppenderAction - About to instantiate appender of type [ch.qos.logback.core.ConsoleAppender]
02:49:48,099 |-INFO in ch.qos.logback.core.joran.action.AppenderAction - Naming appender as [STDOUT]
02:49:48,113 |-INFO in ch.qos.logback.core.joran.action.NestedComplexPropertyIA - Assuming default type [ch.qos.logback.classic.encoder.PatternLayoutEncoder] for [encoder] property
02:49:48,139 |-INFO in ch.qos.logback.classic.joran.action.LoggerAction - Setting level of logger [net.sourceforge.cobertura] to INFO
02:49:48,139 |-INFO in ch.qos.logback.classic.joran.action.RootLoggerAction - Setting level of ROOT logger to DEBUG
02:49:48,139 |-INFO in ch.qos.logback.core.joran.action.AppenderRefAction - Attaching appender named [STDOUT] to Logger[ROOT]
02:49:48,139 |-INFO in ch.qos.logback.classic.joran.action.ConfigurationAction - End of configuration.
02:49:48,140 |-INFO in ch.qos.logback.classic.joran.JoranConfigurator@6a024a67 - Registering current configuration as safe fallback point

]]></system-out>

      <system-err><![CDATA[]]></system-err>

  </testsuite>
  <testsuite errors="0" failures="3" hostname="Pashas-Mac.local" id="1" name="NullInputTest" package="roots_package" skipped="0" tests="3" time="0.17" timestamp="2016-02-22T07:49:49">
      <properties>
[...]
</properties>

      <testcase classname="roots_package.NullInputTest" name="testNumRoots" time="0.125">
          <failure message="expected:&lt;0&gt; but was:&lt;1&gt;" type="junit.framework.AssertionFailedError">junit.framework.AssertionFailedError: expected:&lt;0&gt; but was:&lt;1&gt;
	at roots_package.NullInputTest.testNumRoots(NullInputTest.java:35)
</failure>

      </testcase>

      <testcase classname="roots_package.NullInputTest" name="testRootOne" time="0.002">
          <failure message="expected:&lt;0.0&gt; but was:&lt;NaN&gt;" type="junit.framework.AssertionFailedError">junit.framework.AssertionFailedError: expected:&lt;0.0&gt; but was:&lt;NaN&gt;
	at roots_package.NullInputTest.testRootOne(NullInputTest.java:42)
</failure>

      </testcase>

      <testcase classname="roots_package.NullInputTest" name="testRootTwo" time="0.0">
          <failure message="expected:&lt;0.0&gt; but was:&lt;NaN&gt;" type="junit.framework.AssertionFailedError">junit.framework.AssertionFailedError: expected:&lt;0.0&gt; but was:&lt;NaN&gt;
	at roots_package.NullInputTest.testRootTwo(NullInputTest.java:49)
</failure>

      </testcase>

      <system-out><![CDATA[02:49:49,414 |-INFO in ch.qos.logback.classic.LoggerContext[default] - Could NOT find resource [logback.groovy]
02:49:49,414 |-INFO in ch.qos.logback.classic.LoggerContext[default] - Could NOT find resource [logback-test.xml]
02:49:49,414 |-INFO in ch.qos.logback.classic.LoggerContext[default] - Found resource [logback.xml] at [jar:file:/Users/Pasha/cobertura-2.1.1/cobertura-2.1.1-sources.jar!/logback.xml]
02:49:49,415 |-WARN in ch.qos.logback.classic.LoggerContext[default] - Resource [logback.xml] occurs multiple times on the classpath.
02:49:49,415 |-WARN in ch.qos.logback.classic.LoggerContext[default] - Resource [logback.xml] occurs at [jar:file:/Users/Pasha/cobertura-2.1.1/cobertura-2.1.1-sources.jar!/logback.xml]
02:49:49,415 |-WARN in ch.qos.logback.classic.LoggerContext[default] - Resource [logback.xml] occurs at [jar:file:/Users/Pasha/cobertura-2.1.1/cobertura-2.1.1.jar!/logback.xml]
02:49:49,425 |-INFO in ch.qos.logback.core.joran.spi.ConfigurationWatchList@7c30a502 - URL [jar:file:/Users/Pasha/cobertura-2.1.1/cobertura-2.1.1-sources.jar!/logback.xml] is not of type file
02:49:49,451 |-INFO in ch.qos.logback.classic.joran.action.ConfigurationAction - debug attribute not set
02:49:49,452 |-INFO in ch.qos.logback.core.joran.action.AppenderAction - About to instantiate appender of type [ch.qos.logback.core.ConsoleAppender]
02:49:49,458 |-INFO in ch.qos.logback.core.joran.action.AppenderAction - Naming appender as [STDOUT]
02:49:49,474 |-INFO in ch.qos.logback.core.joran.action.NestedComplexPropertyIA - Assuming default type [ch.qos.logback.classic.encoder.PatternLayoutEncoder] for [encoder] property
02:49:49,497 |-INFO in ch.qos.logback.classic.joran.action.LoggerAction - Setting level of logger [net.sourceforge.cobertura] to INFO
02:49:49,497 |-INFO in ch.qos.logback.classic.joran.action.RootLoggerAction - Setting level of ROOT logger to DEBUG
02:49:49,497 |-INFO in ch.qos.logback.core.joran.action.AppenderRefAction - Attaching appender named [STDOUT] to Logger[ROOT]
02:49:49,498 |-INFO in ch.qos.logback.classic.joran.action.ConfigurationAction - End of configuration.
02:49:49,500 |-INFO in ch.qos.logback.classic.joran.JoranConfigurator@49e4cb85 - Registering current configuration as safe fallback point

]]></system-out>

      <system-err><![CDATA[]]></system-err>

  </testsuite>
  <testsuite errors="0" failures="0" hostname="Pashas-Mac.local" id="2" name="OneRootTest" package="roots_package" skipped="0" tests="3" time="0.17" timestamp="2016-02-22T07:49:50">
      <properties>
[...]
</properties>

      <testcase classname="roots_package.OneRootTest" name="testNumRoots" time="0.118" />

      <testcase classname="roots_package.OneRootTest" name="testSecondRoot" time="0.001" />

      <testcase classname="roots_package.OneRootTest" name="testFirstRoot" time="0.0" />

      <system-out><![CDATA[02:49:50,799 |-INFO in ch.qos.logback.classic.LoggerContext[default] - Could NOT find resource [logback.groovy]
02:49:50,799 |-INFO in ch.qos.logback.classic.LoggerContext[default] - Could NOT find resource [logback-test.xml]
02:49:50,800 |-INFO in ch.qos.logback.classic.LoggerContext[default] - Found resource [logback.xml] at [jar:file:/Users/Pasha/cobertura-2.1.1/cobertura-2.1.1-sources.jar!/logback.xml]
02:49:50,800 |-WARN in ch.qos.logback.classic.LoggerContext[default] - Resource [logback.xml] occurs multiple times on the classpath.
02:49:50,800 |-WARN in ch.qos.logback.classic.LoggerContext[default] - Resource [logback.xml] occurs at [jar:file:/Users/Pasha/cobertura-2.1.1/cobertura-2.1.1-sources.jar!/logback.xml]
02:49:50,800 |-WARN in ch.qos.logback.classic.LoggerContext[default] - Resource [logback.xml] occurs at [jar:file:/Users/Pasha/cobertura-2.1.1/cobertura-2.1.1.jar!/logback.xml]
02:49:50,813 |-INFO in ch.qos.logback.core.joran.spi.ConfigurationWatchList@6ea12c19 - URL [jar:file:/Users/Pasha/cobertura-2.1.1/cobertura-2.1.1-sources.jar!/logback.xml] is not of type file
02:49:50,840 |-INFO in ch.qos.logback.classic.joran.action.ConfigurationAction - debug attribute not set
02:49:50,841 |-INFO in ch.qos.logback.core.joran.action.AppenderAction - About to instantiate appender of type [ch.qos.logback.core.ConsoleAppender]
02:49:50,846 |-INFO in ch.qos.logback.core.joran.action.AppenderAction - Naming appender as [STDOUT]
02:49:50,861 |-INFO in ch.qos.logback.core.joran.action.NestedComplexPropertyIA - Assuming default type [ch.qos.logback.classic.encoder.PatternLayoutEncoder] for [encoder] property
02:49:50,884 |-INFO in ch.qos.logback.classic.joran.action.LoggerAction - Setting level of logger [net.sourceforge.cobertura] to INFO
02:49:50,884 |-INFO in ch.qos.logback.classic.joran.action.RootLoggerAction - Setting level of ROOT logger to DEBUG
02:49:50,884 |-INFO in ch.qos.logback.core.joran.action.AppenderRefAction - Attaching appender named [STDOUT] to Logger[ROOT]
02:49:50,885 |-INFO in ch.qos.logback.classic.joran.action.ConfigurationAction - End of configuration.
02:49:50,885 |-INFO in ch.qos.logback.classic.joran.JoranConfigurator@6a024a67 - Registering current configuration as safe fallback point

]]></system-out>

      <system-err><![CDATA[]]></system-err>

  </testsuite>
  <testsuite errors="0" failures="0" hostname="Pashas-Mac.local" id="3" name="TwoRootsTest" package="roots_package" skipped="0" tests="3" time="0.168" timestamp="2016-02-22T07:49:52">
      <properties>
[...]
</properties>

      <testcase classname="roots_package.TwoRootsTest" name="testNumRoots" time="0.115" />

      <testcase classname="roots_package.TwoRootsTest" name="testSecondRoot" time="0.0" />

      <testcase classname="roots_package.TwoRootsTest" name="testFirstRoot" time="0.0" />

      <system-out><![CDATA[02:49:52,185 |-INFO in ch.qos.logback.classic.LoggerContext[default] - Could NOT find resource [logback.groovy]
02:49:52,185 |-INFO in ch.qos.logback.classic.LoggerContext[default] - Could NOT find resource [logback-test.xml]
02:49:52,186 |-INFO in ch.qos.logback.classic.LoggerContext[default] - Found resource [logback.xml] at [jar:file:/Users/Pasha/cobertura-2.1.1/cobertura-2.1.1-sources.jar!/logback.xml]
02:49:52,186 |-WARN in ch.qos.logback.classic.LoggerContext[default] - Resource [logback.xml] occurs multiple times on the classpath.
02:49:52,186 |-WARN in ch.qos.logback.classic.LoggerContext[default] - Resource [logback.xml] occurs at [jar:file:/Users/Pasha/cobertura-2.1.1/cobertura-2.1.1-sources.jar!/logback.xml]
02:49:52,186 |-WARN in ch.qos.logback.classic.LoggerContext[default] - Resource [logback.xml] occurs at [jar:file:/Users/Pasha/cobertura-2.1.1/cobertura-2.1.1.jar!/logback.xml]
02:49:52,196 |-INFO in ch.qos.logback.core.joran.spi.ConfigurationWatchList@6ea12c19 - URL [jar:file:/Users/Pasha/cobertura-2.1.1/cobertura-2.1.1-sources.jar!/logback.xml] is not of type file
02:49:52,222 |-INFO in ch.qos.logback.classic.joran.action.ConfigurationAction - debug attribute not set
02:49:52,223 |-INFO in ch.qos.logback.core.joran.action.AppenderAction - About to instantiate appender of type [ch.qos.logback.core.ConsoleAppender]
02:49:52,228 |-INFO in ch.qos.logback.core.joran.action.AppenderAction - Naming appender as [STDOUT]
02:49:52,243 |-INFO in ch.qos.logback.core.joran.action.NestedComplexPropertyIA - Assuming default type [ch.qos.logback.classic.encoder.PatternLayoutEncoder] for [encoder] property
02:49:52,267 |-INFO in ch.qos.logback.classic.joran.action.LoggerAction - Setting level of logger [net.sourceforge.cobertura] to INFO
02:49:52,267 |-INFO in ch.qos.logback.classic.joran.action.RootLoggerAction - Setting level of ROOT logger to DEBUG
02:49:52,267 |-INFO in ch.qos.logback.core.joran.action.AppenderRefAction - Attaching appender named [STDOUT] to Logger[ROOT]
02:49:52,267 |-INFO in ch.qos.logback.classic.joran.action.ConfigurationAction - End of configuration.
02:49:52,268 |-INFO in ch.qos.logback.classic.joran.JoranConfigurator@6a024a67 - Registering current configuration as safe fallback point

]]></system-out>

      <system-err><![CDATA[]]></system-err>

  </testsuite>
</testsuites>
