<?xml version="1.0" encoding="UTF-8" ?>
<testsuite errors="0" failures="3" hostname="Pashas-Mac.local" name="roots_package.NullInputTest" skipped="0" tests="3" time="0.173" timestamp="2016-02-22T03:10:57">
  <properties>
[...]
</properties>
  <testcase classname="roots_package.NullInputTest" name="testNumRoots" time="0.126">
    <failure message="expected:&lt;0&gt; but was:&lt;1&gt;" type="junit.framework.AssertionFailedError">junit.framework.AssertionFailedError: expected:&lt;0&gt; but was:&lt;1&gt;
	at roots_package.NullInputTest.testNumRoots(NullInputTest.java:34)
</failure>
  </testcase>
  <testcase classname="roots_package.NullInputTest" name="testRootOne" time="0.002">
    <failure message="expected:&lt;0.0&gt; but was:&lt;NaN&gt;" type="junit.framework.AssertionFailedError">junit.framework.AssertionFailedError: expected:&lt;0.0&gt; but was:&lt;NaN&gt;
	at roots_package.NullInputTest.testRootOne(NullInputTest.java:41)
</failure>
  </testcase>
  <testcase classname="roots_package.NullInputTest" name="testRootTwo" time="0.0">
    <failure message="expected:&lt;0.0&gt; but was:&lt;NaN&gt;" type="junit.framework.AssertionFailedError">junit.framework.AssertionFailedError: expected:&lt;0.0&gt; but was:&lt;NaN&gt;
	at roots_package.NullInputTest.testRootTwo(NullInputTest.java:48)
</failure>
  </testcase>
  <system-out><![CDATA[22:10:57,086 |-INFO in ch.qos.logback.classic.LoggerContext[default] - Could NOT find resource [logback.groovy]
22:10:57,086 |-INFO in ch.qos.logback.classic.LoggerContext[default] - Could NOT find resource [logback-test.xml]
22:10:57,086 |-INFO in ch.qos.logback.classic.LoggerContext[default] - Found resource [logback.xml] at [jar:file:/Users/Pasha/cobertura-2.1.1/cobertura-2.1.1-sources.jar!/logback.xml]
22:10:57,086 |-WARN in ch.qos.logback.classic.LoggerContext[default] - Resource [logback.xml] occurs multiple times on the classpath.
22:10:57,086 |-WARN in ch.qos.logback.classic.LoggerContext[default] - Resource [logback.xml] occurs at [jar:file:/Users/Pasha/cobertura-2.1.1/cobertura-2.1.1-sources.jar!/logback.xml]
22:10:57,086 |-WARN in ch.qos.logback.classic.LoggerContext[default] - Resource [logback.xml] occurs at [jar:file:/Users/Pasha/cobertura-2.1.1/cobertura-2.1.1.jar!/logback.xml]
22:10:57,098 |-INFO in ch.qos.logback.core.joran.spi.ConfigurationWatchList@7c30a502 - URL [jar:file:/Users/Pasha/cobertura-2.1.1/cobertura-2.1.1-sources.jar!/logback.xml] is not of type file
22:10:57,126 |-INFO in ch.qos.logback.classic.joran.action.ConfigurationAction - debug attribute not set
22:10:57,128 |-INFO in ch.qos.logback.core.joran.action.AppenderAction - About to instantiate appender of type [ch.qos.logback.core.ConsoleAppender]
22:10:57,134 |-INFO in ch.qos.logback.core.joran.action.AppenderAction - Naming appender as [STDOUT]
22:10:57,151 |-INFO in ch.qos.logback.core.joran.action.NestedComplexPropertyIA - Assuming default type [ch.qos.logback.classic.encoder.PatternLayoutEncoder] for [encoder] property
22:10:57,172 |-INFO in ch.qos.logback.classic.joran.action.LoggerAction - Setting level of logger [net.sourceforge.cobertura] to INFO
22:10:57,172 |-INFO in ch.qos.logback.classic.joran.action.RootLoggerAction - Setting level of ROOT logger to DEBUG
22:10:57,172 |-INFO in ch.qos.logback.core.joran.action.AppenderRefAction - Attaching appender named [STDOUT] to Logger[ROOT]
22:10:57,173 |-INFO in ch.qos.logback.classic.joran.action.ConfigurationAction - End of configuration.
22:10:57,174 |-INFO in ch.qos.logback.classic.joran.JoranConfigurator@49e4cb85 - Registering current configuration as safe fallback point

]]></system-out>
  <system-err><![CDATA[]]></system-err>
</testsuite>
